<?xml version="1.0" encoding="UTF-8"?>
<testng-results skipped="0" failed="0" ignored="0" total="1" passed="1">
  <reporter-output>
  </reporter-output>
  <suite name="Default suite" duration-ms="29968" started-at="2017-09-03T12:12:44Z" finished-at="2017-09-03T12:13:14Z">
    <groups>
    </groups>
    <test name="Default test" duration-ms="29968" started-at="2017-09-03T12:12:44Z" finished-at="2017-09-03T12:13:14Z">
      <class name="rspleyto.testautomation.tests.WidgetCityTest">
        <test-method status="PASS" signature="beforeMethod()[pri:0, instance:rspleyto.testautomation.tests.WidgetCityTest@ae45eb6]" name="beforeMethod" is-config="true" duration-ms="29648" started-at="2017-09-03T20:12:44Z" finished-at="2017-09-03T20:13:14Z">
          <reporter-output>
          </reporter-output>
        </test-method> <!-- beforeMethod -->
        <test-method status="PASS" signature="hoverOnFieldTest()[pri:0, instance:rspleyto.testautomation.tests.WidgetCityTest@ae45eb6]" name="hoverOnFieldTest" duration-ms="158" started-at="2017-09-03T20:13:14Z" finished-at="2017-09-03T20:13:14Z">
          <reporter-output>
          </reporter-output>
        </test-method> <!-- hoverOnFieldTest -->
        <test-method status="PASS" signature="afterMethod()[pri:0, instance:rspleyto.testautomation.tests.WidgetCityTest@ae45eb6]" name="afterMethod" is-config="true" duration-ms="134" started-at="2017-09-03T20:13:14Z" finished-at="2017-09-03T20:13:14Z">
          <reporter-output>
          </reporter-output>
        </test-method> <!-- afterMethod -->
      </class> <!-- rspleyto.testautomation.tests.WidgetCityTest -->
    </test> <!-- Default test -->
  </suite> <!-- Default suite -->
</testng-results>
